#
# There is insufficient memory for the Java Runtime Environment to continue.
# Native memory allocation (malloc) failed to allocate 1691216 bytes for Chunk::new
# Possible reasons:
#   The system is out of physical RAM or swap space
#   In 32 bit mode, the process size limit was hit
# Possible solutions:
#   Reduce memory load on the system
#   Increase physical memory or swap space
#   Check if swap backing store is full
#   Use 64 bit Java on a 64 bit OS
#   Decrease Java heap size (-Xmx/-Xms)
#   Decrease number of Java threads
#   Decrease Java thread stack sizes (-Xss)
#   Set larger code cache with -XX:ReservedCodeCacheSize=
# This output file may be truncated or incomplete.
#
#  Out of Memory Error (allocation.cpp:388), pid=8068, tid=6916
#
# JRE version: Java(TM) SE Runtime Environment (8.0_11-b12) (build 1.8.0_11-b12)
# Java VM: Java HotSpot(TM) 64-Bit Server VM (25.11-b03 mixed mode windows-amd64 compressed oops)
# Failed to write core dump. Minidumps are not enabled by default on client versions of Windows
#

---------------  T H R E A D  ---------------

Current thread (0x00000000151fb000):  JavaThread "C2 CompilerThread0" daemon [_thread_in_native, id=6916, stack(0x0000000016f60000,0x0000000017060000)]

Stack: [0x0000000016f60000,0x0000000017060000]
Native frames: (J=compiled Java code, j=interpreted, Vv=VM code, C=native code)
V  [jvm.dll+0x308eca]


Current CompileTask:
C2:   8316 1754       4       com.android.dx.rop.code.Rops::ropFor (771 bytes)


---------------  P R O C E S S  ---------------

Java Threads: ( => current thread )
  0x0000000016838800 JavaThread "Service Thread" daemon [_thread_blocked, id=2628, stack(0x0000000017280000,0x0000000017380000)]
  0x00000000167ef800 JavaThread "C1 CompilerThread2" daemon [_thread_blocked, id=4760, stack(0x00000000161f0000,0x00000000162f0000)]
  0x00000000167e4000 JavaThread "C2 CompilerThread1" daemon [_thread_in_native, id=8004, stack(0x0000000017150000,0x0000000017250000)]
=>0x00000000151fb000 JavaThread "C2 CompilerThread0" daemon [_thread_in_native, id=6916, stack(0x0000000016f60000,0x0000000017060000)]
  0x00000000151f9800 JavaThread "Attach Listener" daemon [_thread_blocked, id=7548, stack(0x0000000016e30000,0x0000000016f30000)]
  0x00000000167dc000 JavaThread "Signal Dispatcher" daemon [_thread_blocked, id=6944, stack(0x0000000016c20000,0x0000000016d20000)]
  0x000000001518e000 JavaThread "Finalizer" daemon [_thread_blocked, id=7428, stack(0x00000000166c0000,0x00000000167c0000)]
  0x000000001518a800 JavaThread "Reference Handler" daemon [_thread_blocked, id=4192, stack(0x0000000016490000,0x0000000016590000)]
  0x00000000026ee800 JavaThread "main" [_thread_in_Java, id=7132, stack(0x0000000002860000,0x0000000002960000)]

Other Threads:
  0x0000000015187000 VMThread [stack: 0x00000000162f0000,0x00000000163f0000] [id=7532]
  0x0000000016856800 WatcherThread [stack: 0x0000000017440000,0x0000000017540000] [id=7608]

VM state:not at safepoint (normal execution)

VM Mutex/Monitor currently owned by a thread: None

Heap:
 PSYoungGen      total 81408K, used 27889K [0x00000000eab00000, 0x00000000f0880000, 0x0000000100000000)
  eden space 67072K, 29% used [0x00000000eab00000,0x00000000ebe76498,0x00000000eec80000)
  from space 14336K, 55% used [0x00000000efa80000,0x00000000f0246078,0x00000000f0880000)
  to   space 14336K, 0% used [0x00000000eec80000,0x00000000eec80000,0x00000000efa80000)
 ParOldGen       total 129536K, used 49231K [0x00000000c0000000, 0x00000000c7e80000, 0x00000000eab00000)
  object space 129536K, 38% used [0x00000000c0000000,0x00000000c3013e38,0x00000000c7e80000)
 Metaspace       used 6085K, capacity 7376K, committed 7680K, reserved 1056768K
  class space    used 594K, capacity 648K, committed 768K, reserved 1048576K

Card table byte_map: [0x0000000011d20000,0x0000000011f30000] byte_map_base: 0x0000000011720000

Marking Bits: (ParMarkBitMap*) 0x00000000522712b0
 Begin Bits: [0x0000000012600000, 0x0000000013600000)
 End Bits:   [0x0000000013600000, 0x0000000014600000)

Polling page: 0x00000000002e0000

CodeCache: size=245760Kb used=9920Kb max_used=9920Kb free=235839Kb
 bounds [0x0000000002960000, 0x0000000003320000, 0x0000000011960000]
 total_blobs=2648 nmethods=2386 adapters=175
 compilation: enabled

Compilation events (10 events):
Event: 8.298 Thread 0x00000000167ef800 2421       2       com.android.dx.dex.code.form.Form23x::writeTo (41 bytes)
Event: 8.298 Thread 0x00000000167ef800 nmethod 2421 0x0000000003312190 code [0x0000000003312360, 0x00000000033126e8]
Event: 8.299 Thread 0x00000000167ef800 2422       2       com.android.dx.dex.code.form.Form22x::writeTo (31 bytes)
Event: 8.299 Thread 0x00000000167ef800 nmethod 2422 0x0000000003312ad0 code [0x0000000003312c80, 0x0000000003312f88]
Event: 8.300 Thread 0x00000000167ef800 2423       2       com.android.dx.dex.code.form.Form21s::writeTo (40 bytes)
Event: 8.300 Thread 0x00000000167ef800 nmethod 2423 0x00000000033132d0 code [0x0000000003313480, 0x00000000033137c8]
Event: 8.300 Thread 0x00000000167ef800 2424       2       com.android.dx.dex.code.HighRegisterPrefix::writeTo (40 bytes)
Event: 8.301 Thread 0x00000000167ef800 nmethod 2424 0x0000000003313b10 code [0x0000000003313c80, 0x0000000003313ed8]
Event: 8.302 Thread 0x00000000167ef800 2425       2       com.android.dx.rop.code.RegisterSpecList::getWordCount (33 bytes)
Event: 8.302 Thread 0x00000000167ef800 nmethod 2425 0x0000000003314090 code [0x0000000003314220, 0x00000000033144c8]

GC Heap History (10 events):
Event: 5.995 GC heap before
{Heap before GC invocations=16 (full 0):
 PSYoungGen      total 38912K, used 38880K [0x00000000eab00000, 0x00000000eef00000, 0x0000000100000000)
  eden space 34304K, 100% used [0x00000000eab00000,0x00000000ecc80000,0x00000000ecc80000)
  from space 4608K, 99% used [0x00000000ecc80000,0x00000000ed0f8010,0x00000000ed100000)
  to   space 7168K, 0% used [0x00000000ee800000,0x00000000ee800000,0x00000000eef00000)
 ParOldGen       total 129536K, used 16818K [0x00000000c0000000, 0x00000000c7e80000, 0x00000000eab00000)
  object space 129536K, 12% used [0x00000000c0000000,0x00000000c106c9b8,0x00000000c7e80000)
 Metaspace       used 5604K, capacity 6960K, committed 7040K, reserved 1056768K
  class space    used 571K, capacity 616K, committed 640K, reserved 1048576K
Event: 6.034 GC heap after
Heap after GC invocations=16 (full 0):
 PSYoungGen      total 61952K, used 6013K [0x00000000eab00000, 0x00000000ef000000, 0x0000000100000000)
  eden space 54784K, 0% used [0x00000000eab00000,0x00000000eab00000,0x00000000ee080000)
  from space 7168K, 83% used [0x00000000ee800000,0x00000000eeddf678,0x00000000eef00000)
  to   space 7680K, 0% used [0x00000000ee080000,0x00000000ee080000,0x00000000ee800000)
 ParOldGen       total 129536K, used 21410K [0x00000000c0000000, 0x00000000c7e80000, 0x00000000eab00000)
  object space 129536K, 16% used [0x00000000c0000000,0x00000000c14e8888,0x00000000c7e80000)
 Metaspace       used 5604K, capacity 6960K, committed 7040K, reserved 1056768K
  class space    used 571K, capacity 616K, committed 640K, reserved 1048576K
}
Event: 6.363 GC heap before
{Heap before GC invocations=17 (full 0):
 PSYoungGen      total 61952K, used 60797K [0x00000000eab00000, 0x00000000ef000000, 0x0000000100000000)
  eden space 54784K, 100% used [0x00000000eab00000,0x00000000ee080000,0x00000000ee080000)
  from space 7168K, 83% used [0x00000000ee800000,0x00000000eeddf678,0x00000000eef00000)
  to   space 7680K, 0% used [0x00000000ee080000,0x00000000ee080000,0x00000000ee800000)
 ParOldGen       total 129536K, used 21410K [0x00000000c0000000, 0x00000000c7e80000, 0x00000000eab00000)
  object space 129536K, 16% used [0x00000000c0000000,0x00000000c14e8888,0x00000000c7e80000)
 Metaspace       used 5641K, capacity 6960K, committed 7040K, reserved 1056768K
  class space    used 571K, capacity 616K, committed 640K, reserved 1048576K
Event: 6.394 GC heap after
Heap after GC invocations=17 (full 0):
 PSYoungGen      total 62464K, used 7665K [0x00000000eab00000, 0x00000000ef000000, 0x0000000100000000)
  eden space 54784K, 0% used [0x00000000eab00000,0x00000000eab00000,0x00000000ee080000)
  from space 7680K, 99% used [0x00000000ee080000,0x00000000ee7fc6f0,0x00000000ee800000)
  to   space 7168K, 0% used [0x00000000ee800000,0x00000000ee800000,0x00000000eef00000)
 ParOldGen       total 129536K, used 27282K [0x00000000c0000000, 0x00000000c7e80000, 0x00000000eab00000)
  object space 129536K, 21% used [0x00000000c0000000,0x00000000c1aa4b70,0x00000000c7e80000)
 Metaspace       used 5641K, capacity 6960K, committed 7040K, reserved 1056768K
  class space    used 571K, capacity 616K, committed 640K, reserved 1048576K
}
Event: 6.692 GC heap before
{Heap before GC invocations=18 (full 0):
 PSYoungGen      total 62464K, used 62449K [0x00000000eab00000, 0x00000000ef000000, 0x0000000100000000)
  eden space 54784K, 100% used [0x00000000eab00000,0x00000000ee080000,0x00000000ee080000)
  from space 7680K, 99% used [0x00000000ee080000,0x00000000ee7fc6f0,0x00000000ee800000)
  to   space 7168K, 0% used [0x00000000ee800000,0x00000000ee800000,0x00000000eef00000)
 ParOldGen       total 129536K, used 27282K [0x00000000c0000000, 0x00000000c7e80000, 0x00000000eab00000)
  object space 129536K, 21% used [0x00000000c0000000,0x00000000c1aa4b70,0x00000000c7e80000)
 Metaspace       used 5659K, capacity 6960K, committed 7040K, reserved 1056768K
  class space    used 571K, capacity 616K, committed 640K, reserved 1048576K
Event: 6.755 GC heap after
Heap after GC invocations=18 (full 0):
 PSYoungGen      total 54784K, used 7153K [0x00000000eab00000, 0x00000000f1300000, 0x0000000100000000)
  eden space 47616K, 0% used [0x00000000eab00000,0x00000000eab00000,0x00000000ed980000)
  from space 7168K, 99% used [0x00000000ee800000,0x00000000eeefc570,0x00000000eef00000)
  to   space 14848K, 0% used [0x00000000ed980000,0x00000000ed980000,0x00000000ee800000)
 ParOldGen       total 129536K, used 35942K [0x00000000c0000000, 0x00000000c7e80000, 0x00000000eab00000)
  object space 129536K, 27% used [0x00000000c0000000,0x00000000c2319940,0x00000000c7e80000)
 Metaspace       used 5659K, capacity 6960K, committed 7040K, reserved 1056768K
  class space    used 571K, capacity 616K, committed 640K, reserved 1048576K
}
Event: 7.059 GC heap before
{Heap before GC invocations=19 (full 0):
 PSYoungGen      total 54784K, used 54769K [0x00000000eab00000, 0x00000000f1300000, 0x0000000100000000)
  eden space 47616K, 100% used [0x00000000eab00000,0x00000000ed980000,0x00000000ed980000)
  from space 7168K, 99% used [0x00000000ee800000,0x00000000eeefc570,0x00000000eef00000)
  to   space 14848K, 0% used [0x00000000ed980000,0x00000000ed980000,0x00000000ee800000)
 ParOldGen       total 129536K, used 35942K [0x00000000c0000000, 0x00000000c7e80000, 0x00000000eab00000)
  object space 129536K, 27% used [0x00000000c0000000,0x00000000c2319940,0x00000000c7e80000)
 Metaspace       used 5659K, capacity 6960K, committed 7040K, reserved 1056768K
  class space    used 571K, capacity 616K, committed 640K, reserved 1048576K
Event: 7.093 GC heap after
Heap after GC invocations=19 (full 0):
 PSYoungGen      total 62464K, used 6545K [0x00000000eab00000, 0x00000000f0880000, 0x0000000100000000)
  eden space 47616K, 0% used [0x00000000eab00000,0x00000000eab00000,0x00000000ed980000)
  from space 14848K, 44% used [0x00000000ed980000,0x00000000edfe46e8,0x00000000ee800000)
  to   space 14336K, 0% used [0x00000000efa80000,0x00000000efa80000,0x00000000f0880000)
 ParOldGen       total 129536K, used 42913K [0x00000000c0000000, 0x00000000c7e80000, 0x00000000eab00000)
  object space 129536K, 33% used [0x00000000c0000000,0x00000000c29e8778,0x00000000c7e80000)
 Metaspace       used 5659K, capacity 6960K, committed 7040K, reserved 1056768K
  class space    used 571K, capacity 616K, committed 640K, reserved 1048576K
}
Event: 7.678 GC heap before
{Heap before GC invocations=20 (full 0):
 PSYoungGen      total 62464K, used 54161K [0x00000000eab00000, 0x00000000f0880000, 0x0000000100000000)
  eden space 47616K, 100% used [0x00000000eab00000,0x00000000ed980000,0x00000000ed980000)
  from space 14848K, 44% used [0x00000000ed980000,0x00000000edfe46e8,0x00000000ee800000)
  to   space 14336K, 0% used [0x00000000efa80000,0x00000000efa80000,0x00000000f0880000)
 ParOldGen       total 129536K, used 42913K [0x00000000c0000000, 0x00000000c7e80000, 0x00000000eab00000)
  object space 129536K, 33% used [0x00000000c0000000,0x00000000c29e8778,0x00000000c7e80000)
 Metaspace       used 5875K, capacity 7152K, committed 7296K, reserved 1056768K
  class space    used 589K, capacity 616K, committed 640K, reserved 1048576K
Event: 7.699 GC heap after
Heap after GC invocations=20 (full 0):
 PSYoungGen      total 81408K, used 7960K [0x00000000eab00000, 0x00000000f0880000, 0x0000000100000000)
  eden space 67072K, 0% used [0x00000000eab00000,0x00000000eab00000,0x00000000eec80000)
  from space 14336K, 55% used [0x00000000efa80000,0x00000000f0246078,0x00000000f0880000)
  to   space 14336K, 0% used [0x00000000eec80000,0x00000000eec80000,0x00000000efa80000)
 ParOldGen       total 129536K, used 49231K [0x00000000c0000000, 0x00000000c7e80000, 0x00000000eab00000)
  object space 129536K, 38% used [0x00000000c0000000,0x00000000c3013e38,0x00000000c7e80000)
 Metaspace       used 5875K, capacity 7152K, committed 7296K, reserved 1056768K
  class space    used 589K, capacity 616K, committed 640K, reserved 1048576K
}

Deoptimization events (10 events):
Event: 7.436 Thread 0x00000000026ee800 Uncommon trap: reason=class_check action=maybe_recompile pc=0x0000000002e459d4 method=java.util.Arrays.hashCode([Ljava/lang/Object;)I @ 43
Event: 7.436 Thread 0x00000000026ee800 Uncommon trap: reason=class_check action=maybe_recompile pc=0x0000000002e549c8 method=java.util.Arrays.hashCode([Ljava/lang/Object;)I @ 43
Event: 7.671 Thread 0x00000000026ee800 Uncommon trap: reason=class_check action=maybe_recompile pc=0x0000000002d29740 method=com.android.dx.util.FixedSizeList.equals(Ljava/lang/Object;)Z @ 25
Event: 7.671 Thread 0x00000000026ee800 Uncommon trap: reason=class_check action=maybe_recompile pc=0x0000000002d12428 method=java.util.Arrays.equals([Ljava/lang/Object;[Ljava/lang/Object;)Z @ 62
Event: 7.671 Thread 0x00000000026ee800 Uncommon trap: reason=class_check action=maybe_recompile pc=0x0000000002d29740 method=com.android.dx.util.FixedSizeList.equals(Ljava/lang/Object;)Z @ 25
Event: 7.671 Thread 0x00000000026ee800 Uncommon trap: reason=class_check action=maybe_recompile pc=0x0000000002d12428 method=java.util.Arrays.equals([Ljava/lang/Object;[Ljava/lang/Object;)Z @ 62
Event: 7.671 Thread 0x00000000026ee800 Uncommon trap: reason=class_check action=maybe_recompile pc=0x0000000002d29740 method=com.android.dx.util.FixedSizeList.equals(Ljava/lang/Object;)Z @ 25
Event: 7.672 Thread 0x00000000026ee800 Uncommon trap: reason=class_check action=maybe_recompile pc=0x0000000002d29740 method=com.android.dx.util.FixedSizeList.equals(Ljava/lang/Object;)Z @ 25
Event: 7.672 Thread 0x00000000026ee800 Uncommon trap: reason=class_check action=maybe_recompile pc=0x0000000002d12428 method=java.util.Arrays.equals([Ljava/lang/Object;[Ljava/lang/Object;)Z @ 62
Event: 7.672 Thread 0x00000000026ee800 Uncommon trap: reason=class_check action=maybe_recompile pc=0x0000000002d12428 method=java.util.Arrays.equals([Ljava/lang/Object;[Ljava/lang/Object;)Z @ 62

Internal exceptions (6 events):
Event: 0.927 Thread 0x00000000026ee800 Exception <a 'java/lang/NoSuchMethodError': Method sun.misc.Unsafe.defineClass(Ljava/lang/String;[BII)Ljava/lang/Class; name or signature does not match> (0x00000000eab14ba8) thrown at [C:\re\workspace\8-2-build-windows-amd64-cygwin\jdk8u11\648\hotspot\src~…üHó¨í?
Event: 0.927 Thread 0x00000000026ee800 Exception <a 'java/lang/NoSuchMethodError': Method sun.misc.Unsafe.prefetchRead(Ljava/lang/Object;J)V name or signature does not match> (0x00000000eab14e38) thrown at [C:\re\workspace\8-2-build-windows-amd64-cygwin\jdk8u11\648\hotspot\src\share\vm\prims\jnqsÑTþ\@
Event: 4.091 Thread 0x00000000026ee800 Implicit null exception at 0x0000000002dd5b52 to 0x0000000002dd5c55
Event: 4.707 Thread 0x00000000026ee800 Exception <a 'java/lang/ArrayIndexOutOfBoundsException': 18> (0x00000000eacd4af8) thrown at [C:\re\workspace\8-2-build-windows-amd64-cygwin\jdk8u11\648\hotspot\src\share\vm\interpreter\interpreterRuntime.cpp, line 337]
Event: 4.707 Thread 0x00000000026ee800 Exception <a 'java/lang/ArrayIndexOutOfBoundsException': 145> (0x00000000eacd6590) thrown at [C:\re\workspace\8-2-build-windows-amd64-cygwin\jdk8u11\648\hotspot\src\share\vm\interpreter\interpreterRuntime.cpp, line 337]
Event: 4.722 Thread 0x00000000026ee800 Exception <a 'java/lang/ArrayIndexOutOfBoundsException'> (0x00000000eacd77a8) thrown at [C:\re\workspace\8-2-build-windows-amd64-cygwin\jdk8u11\648\hotspot\src\share\vm\runtime\sharedRuntime.cpp, line 595]

Events (10 events):
Event: 8.205 loading class com/android/dx/dex/file/MapItem
Event: 8.205 loading class com/android/dx/dex/file/MapItem done
Event: 8.214 loading class com/android/dex/DexFormat
Event: 8.214 loading class com/android/dex/DexFormat done
Event: 8.244 Thread 0x00000000026ee800 DEOPT PACKING pc=0x0000000003176700 sp=0x000000000295ebb0
Event: 8.244 Thread 0x00000000026ee800 DEOPT UNPACKING pc=0x00000000029a7604 sp=0x000000000295e8c8 mode 0
Event: 8.269 Thread 0x00000000026ee800 DEOPT PACKING pc=0x00000000032f4d56 sp=0x000000000295ecb0
Event: 8.269 Thread 0x00000000026ee800 DEOPT UNPACKING pc=0x00000000029a7604 sp=0x000000000295e9d8 mode 0
Event: 8.274 Thread 0x00000000026ee800 DEOPT PACKING pc=0x00000000032f6008 sp=0x000000000295ebd0
Event: 8.274 Thread 0x00000000026ee800 DEOPT UNPACKING pc=0x00000000029a7604 sp=0x000000000295e9b8 mode 0


Dynamic libraries:
0x000000013f2d0000 - 0x000000013f304000 	C:\Windows\system32\java.exe
0x0000000077ad0000 - 0x0000000077c79000 	C:\Windows\SYSTEM32\ntdll.dll
0x00000000778b0000 - 0x00000000779cf000 	C:\Windows\system32\kernel32.dll
0x000007fefdcc0000 - 0x000007fefdd2b000 	C:\Windows\system32\KERNELBASE.dll
0x0000000073010000 - 0x00000000730c1000 	C:\Program Files\Bitdefender\Antivirus Free Edition\avc3\avc3_sig_358\avcuf64.dll
0x000007feff3b0000 - 0x000007feff48b000 	C:\Windows\system32\ADVAPI32.dll
0x000007feff280000 - 0x000007feff31f000 	C:\Windows\system32\msvcrt.dll
0x000007fefdf40000 - 0x000007fefdf5f000 	C:\Windows\SYSTEM32\sechost.dll
0x000007fefde10000 - 0x000007fefdf3d000 	C:\Windows\system32\RPCRT4.dll
0x00000000779d0000 - 0x0000000077aca000 	C:\Windows\system32\USER32.dll
0x000007feffb00000 - 0x000007feffb67000 	C:\Windows\system32\GDI32.dll
0x000007feffb70000 - 0x000007feffb7e000 	C:\Windows\system32\LPK.dll
0x000007feff080000 - 0x000007feff149000 	C:\Windows\system32\USP10.dll
0x000007fefc7d0000 - 0x000007fefc9c4000 	C:\Windows\WinSxS\amd64_microsoft.windows.common-controls_6595b64144ccf1df_6.0.7601.17514_none_fa396087175ac9ac\COMCTL32.dll
0x000007feff330000 - 0x000007feff3a1000 	C:\Windows\system32\SHLWAPI.dll
0x000007feff490000 - 0x000007feff4be000 	C:\Windows\system32\IMM32.DLL
0x000007fefe1e0000 - 0x000007fefe2e9000 	C:\Windows\system32\MSCTF.dll
0x0000000065920000 - 0x00000000659f2000 	C:\Program Files\Java\jre8\bin\msvcr100.dll
0x0000000051ac0000 - 0x00000000522ea000 	C:\Program Files\Java\jre8\bin\server\jvm.dll
0x000007fee8fa0000 - 0x000007fee8fa9000 	C:\Windows\system32\WSOCK32.dll
0x000007feff4c0000 - 0x000007feff50d000 	C:\Windows\system32\WS2_32.dll
0x000007feff320000 - 0x000007feff328000 	C:\Windows\system32\NSI.dll
0x000007fefb640000 - 0x000007fefb67b000 	C:\Windows\system32\WINMM.dll
0x0000000077ca0000 - 0x0000000077ca7000 	C:\Windows\system32\PSAPI.DLL
0x000000006eba0000 - 0x000000006ebaf000 	C:\Program Files\Java\jre8\bin\verify.dll
0x0000000066270000 - 0x0000000066298000 	C:\Program Files\Java\jre8\bin\java.dll
0x0000000066250000 - 0x0000000066266000 	C:\Program Files\Java\jre8\bin\zip.dll
0x000007fefe2f0000 - 0x000007feff078000 	C:\Windows\system32\SHELL32.dll
0x000007feff870000 - 0x000007feffa73000 	C:\Windows\system32\ole32.dll
0x000007fefda20000 - 0x000007fefda2f000 	C:\Windows\system32\profapi.dll

VM Arguments:
jvm_args: -Xmx1024M -Xss1m -Djava.ext.dirs=C:\Users\Administrator\AppData\Local\Android\sdk\build-tools\21.1.2\lib 
java_command: C:\Users\Administrator\AppData\Local\Android\sdk\build-tools\21.1.2\lib\dx.jar --dex --output D:\IoTApp\app\build\intermediates\pre-dexed\debug\classes-98d4b1cc369529cc53bd4f786b3889ff40d965fe.jar D:\IoTApp\app\build\intermediates\exploded-aar\com.android.support\support-v4\21.0.3\classes.jar
java_class_path (initial): C:\Users\Administrator\AppData\Local\Android\sdk\build-tools\21.1.2\lib\dx.jar
Launcher Type: SUN_STANDARD

Environment Variables:
JAVA_HOME=C:\Java\jdk1.8.0_11
PATH=C:\Program Files (x86)\Intel\iCLS Client\;C:\Program Files\Intel\iCLS Client\;C:\Windows\system32;C:\Windows;C:\Windows\System32\Wbem;C:\Windows\System32\WindowsPowerShell\v1.0\;I:\intergrate tools\Windows7 Master1.70\win7ok;C:\Program Files\Intel\Intel(R) Management Engine Components\DAL;C:\Program Files\Intel\Intel(R) Management Engine Components\IPT;C:\Program Files (x86)\Intel\Intel(R) Management Engine Components\DAL;C:\Program Files (x86)\Intel\Intel(R) Management Engine Components\IPT;C:\Java\jdk1.8.0_11\bin;C:\Python34;C:\Program Files (x86)\Git\cmd;C:\Python34;C:\Java\jdk1.8.0_11\bin;C:\MinGW\bin;C:\Program Files (x86)\GnuWin32\bin;C:\Program Files (x86)\NVIDIA Corporation\PhysX\Common;C:\Program Files\MATLAB\R2015a\runtime\win64;C:\Program Files\MATLAB\R2015a\bin;C:\Program Files\Bandizip\7z;C:\Java\jdk1.8.0_11\bin;C:\Users\Administrator\AppData\Local\Android\android-sdk\platform-tools
USERNAME=Janet
OS=Windows_NT
PROCESSOR_IDENTIFIER=Intel64 Family 6 Model 60 Stepping 3, GenuineIntel



---------------  S Y S T E M  ---------------

OS: Windows 7 , 64 bit Build 7601 Service Pack 1

CPU:total 4 (2 cores per cpu, 2 threads per core) family 6 model 60 stepping 3, cmov, cx8, fxsr, mmx, sse, sse2, sse3, ssse3, sse4.1, sse4.2, popcnt, avx, avx2, aes, clmul, erms, ht, tsc, tscinvbit

Memory: 4k page, physical 8269272k(478624k free), swap 8267428k(5144k free)

vm_info: Java HotSpot(TM) 64-Bit Server VM (25.11-b03) for windows-amd64 JRE (1.8.0_11-b12), built on Jun 16 2014 20:57:32 by "java_re" with MS VC++ 10.0 (VS2010)

time: Sun May 22 16:12:15 2016
elapsed time: 8 seconds

