#
# There is insufficient memory for the Java Runtime Environment to continue.
# Native memory allocation (malloc) failed to allocate 1169296 bytes for Chunk::new
# Possible reasons:
#   The system is out of physical RAM or swap space
#   In 32 bit mode, the process size limit was hit
# Possible solutions:
#   Reduce memory load on the system
#   Increase physical memory or swap space
#   Check if swap backing store is full
#   Use 64 bit Java on a 64 bit OS
#   Decrease Java heap size (-Xmx/-Xms)
#   Decrease number of Java threads
#   Decrease Java thread stack sizes (-Xss)
#   Set larger code cache with -XX:ReservedCodeCacheSize=
# This output file may be truncated or incomplete.
#
#  Out of Memory Error (allocation.cpp:388), pid=7248, tid=8488
#
# JRE version: Java(TM) SE Runtime Environment (8.0_11-b12) (build 1.8.0_11-b12)
# Java VM: Java HotSpot(TM) 64-Bit Server VM (25.11-b03 mixed mode windows-amd64 compressed oops)
# Failed to write core dump. Minidumps are not enabled by default on client versions of Windows
#

---------------  T H R E A D  ---------------

Current thread (0x000000001678e800):  JavaThread "C2 CompilerThread0" daemon [_thread_in_native, id=8488, stack(0x0000000016e00000,0x0000000016f00000)]

Stack: [0x0000000016e00000,0x0000000016f00000]
Native frames: (J=compiled Java code, j=interpreted, Vv=VM code, C=native code)
V  [jvm.dll+0x308eca]
V  [jvm.dll+0x25e121]
V  [jvm.dll+0x25ed33]
V  [jvm.dll+0x256705]
V  [jvm.dll+0xbd2b5]
V  [jvm.dll+0xbd75c]
V  [jvm.dll+0x468e3c]
V  [jvm.dll+0x43659b]
V  [jvm.dll+0x44149e]
V  [jvm.dll+0x443a29]
V  [jvm.dll+0x427722]
V  [jvm.dll+0x96982]
V  [jvm.dll+0x97173]
V  [jvm.dll+0x2234b4]
V  [jvm.dll+0x27bcca]
C  [msvcr100.dll+0x21d9f]
C  [msvcr100.dll+0x21e3b]
C  [kernel32.dll+0x1652d]
C  [ntdll.dll+0x2c521]


Current CompileTask:
C2:2973744 16085       4       com.sun.tools.javac.file.ZipFileIndex$ZipDirectory::readEntry (587 bytes)


---------------  P R O C E S S  ---------------

Java Threads: ( => current thread )
  0x00000000174b3800 JavaThread "stdout" [_thread_in_native, id=9464, stack(0x0000000027540000,0x0000000027640000)]
  0x00000000174b6800 JavaThread "stderr" [_thread_in_native, id=4656, stack(0x00000000254d0000,0x00000000255d0000)]
  0x00000000174b6000 JavaThread "pool-19-thread-1" [_thread_blocked, id=8260, stack(0x000000001f300000,0x000000001f400000)]
  0x00000000181be000 JavaThread "Handler for socket connection from /127.0.0.1:1737 to /127.0.0.1:3355" [_thread_in_native, id=5044, stack(0x0000000018ca0000,0x0000000018da0000)]
  0x00000000181bd000 JavaThread "Daemon worker Thread 9" [_thread_blocked, id=4184, stack(0x00000000191b0000,0x00000000192b0000)]
  0x00000000181bb800 JavaThread "Daemon Thread 9" [_thread_blocked, id=9492, stack(0x00000000192b0000,0x00000000193b0000)]
  0x000000001bf49800 JavaThread "File lock request listener" [_thread_in_native, id=2872, stack(0x000000001dc10000,0x000000001dd10000)]
  0x0000000017aea800 JavaThread "Incoming local TCP Connector on port 1737" [_thread_in_native, id=4704, stack(0x0000000018e60000,0x0000000018f60000)]
  0x0000000016814800 JavaThread "Service Thread" daemon [_thread_blocked, id=5072, stack(0x00000000170a0000,0x00000000171a0000)]
  0x000000001679e800 JavaThread "C1 CompilerThread2" daemon [_thread_blocked, id=4820, stack(0x0000000016cc0000,0x0000000016dc0000)]
  0x00000000152ae800 JavaThread "C2 CompilerThread1" daemon [_thread_blocked, id=6908, stack(0x0000000016f70000,0x0000000017070000)]
=>0x000000001678e800 JavaThread "C2 CompilerThread0" daemon [_thread_in_native, id=8488, stack(0x0000000016e00000,0x0000000016f00000)]
  0x000000001679b000 JavaThread "Attach Listener" daemon [_thread_blocked, id=9020, stack(0x0000000016b80000,0x0000000016c80000)]
  0x0000000016799800 JavaThread "Signal Dispatcher" daemon [_thread_blocked, id=8276, stack(0x00000000163a0000,0x00000000164a0000)]
  0x0000000015248000 JavaThread "Finalizer" daemon [_thread_blocked, id=9204, stack(0x0000000016680000,0x0000000016780000)]
  0x000000001523b000 JavaThread "Reference Handler" daemon [_thread_blocked, id=7756, stack(0x0000000016500000,0x0000000016600000)]
  0x000000000259f800 JavaThread "main" [_thread_blocked, id=8504, stack(0x0000000002710000,0x0000000002810000)]

Other Threads:
  0x0000000015237000 VMThread [stack: 0x00000000162a0000,0x00000000163a0000] [id=8004]
  0x000000001681a000 WatcherThread [stack: 0x00000000171e0000,0x00000000172e0000] [id=2528]

VM state:not at safepoint (normal execution)

VM Mutex/Monitor currently owned by a thread: None

Heap:
 PSYoungGen      total 224768K, used 122628K [0x00000000eab00000, 0x00000000fef00000, 0x0000000100000000)
  eden space 123904K, 98% used [0x00000000eab00000,0x00000000f22c1328,0x00000000f2400000)
  from space 100864K, 0% used [0x00000000f8c80000,0x00000000f8c80000,0x00000000fef00000)
  to   space 103936K, 0% used [0x00000000f2400000,0x00000000f2400000,0x00000000f8980000)
 ParOldGen       total 311808K, used 260999K [0x00000000c0000000, 0x00000000d3080000, 0x00000000eab00000)
  object space 311808K, 83% used [0x00000000c0000000,0x00000000cfee1ff0,0x00000000d3080000)
 Metaspace       used 172625K, capacity 187331K, committed 188928K, reserved 1208320K
  class space    used 24660K, capacity 29824K, committed 30464K, reserved 1048576K

Card table byte_map: [0x0000000011bd0000,0x0000000011de0000] byte_map_base: 0x00000000115d0000

Marking Bits: (ParMarkBitMap*) 0x00000000575212b0
 Begin Bits: [0x00000000126b0000, 0x00000000136b0000)
 End Bits:   [0x00000000136b0000, 0x00000000146b0000)

Polling page: 0x00000000002f0000

CodeCache: size=245760Kb used=45029Kb max_used=45036Kb free=200730Kb
 bounds [0x0000000002810000, 0x0000000005450000, 0x0000000011810000]
 total_blobs=13492 nmethods=12802 adapters=601
 compilation: enabled

Compilation events (10 events):
Event: 2973.062 Thread 0x000000001679e800 nmethod 16159 0x000000000542bc10 code [0x000000000542bda0, 0x000000000542c168]
Event: 2973.078 Thread 0x00000000152ae800 nmethod 16107 0x0000000005435c10 code [0x0000000005435e20, 0x0000000005436758]
Event: 2973.078 Thread 0x00000000152ae800 16092       4       com.sun.tools.javac.code.Type$ClassType::getTypeArguments (30 bytes)
Event: 2973.079 Thread 0x00000000152ae800 nmethod 16092 0x0000000005421b50 code [0x0000000005421ca0, 0x0000000005421d78]
Event: 2973.092 Thread 0x00000000152ae800 16160   !   4       org.gradle.internal.concurrent.CompositeStoppable::stop (114 bytes)
Event: 2973.095 Thread 0x000000001679e800 16161       3       org.codehaus.groovy.runtime.StackTraceUtils::isApplicationClass (84 bytes)
Event: 2973.096 Thread 0x000000001679e800 nmethod 16161 0x0000000005434e10 code [0x0000000005435000, 0x00000000054358d8]
Event: 2973.105 Thread 0x00000000152ae800 nmethod 16160 0x0000000005437890 code [0x0000000005437a80, 0x00000000054381b0]
Event: 2973.105 Thread 0x00000000152ae800 16162       4       org.gradle.listener.DefaultListenerManager$LoggerDispatch::dispatch (9 bytes)
Event: 2973.113 Thread 0x00000000152ae800 nmethod 16162 0x0000000005443910 code [0x0000000005443b20, 0x00000000054440e0]

GC Heap History (10 events):
Event: 2960.582 GC heap before
{Heap before GC invocations=84 (full 18):
 PSYoungGen      total 177152K, used 176746K [0x00000000eab00000, 0x00000000ffd00000, 0x0000000100000000)
  eden space 116736K, 100% used [0x00000000eab00000,0x00000000f1d00000,0x00000000f1d00000)
  from space 60416K, 99% used [0x00000000f1d00000,0x00000000f579abf8,0x00000000f5800000)
  to   space 114688K, 0% used [0x00000000f8d00000,0x00000000f8d00000,0x00000000ffd00000)
 ParOldGen       total 261120K, used 242161K [0x00000000c0000000, 0x00000000cff00000, 0x00000000eab00000)
  object space 261120K, 92% used [0x00000000c0000000,0x00000000cec7c688,0x00000000cff00000)
 Metaspace       used 166851K, capacity 182228K, committed 182400K, reserved 1202176K
  class space    used 24274K, capacity 29710K, committed 29824K, reserved 1048576K
Event: 2960.641 GC heap after
Heap after GC invocations=84 (full 18):
 PSYoungGen      total 235520K, used 69362K [0x00000000eab00000, 0x00000000ffd00000, 0x0000000100000000)
  eden space 120832K, 0% used [0x00000000eab00000,0x00000000eab00000,0x00000000f2100000)
  from space 114688K, 60% used [0x00000000f8d00000,0x00000000fd0bc808,0x00000000ffd00000)
  to   space 110592K, 0% used [0x00000000f2100000,0x00000000f2100000,0x00000000f8d00000)
 ParOldGen       total 261120K, used 242169K [0x00000000c0000000, 0x00000000cff00000, 0x00000000eab00000)
  object space 261120K, 92% used [0x00000000c0000000,0x00000000cec7e688,0x00000000cff00000)
 Metaspace       used 166851K, capacity 182228K, committed 182400K, reserved 1202176K
  class space    used 24274K, capacity 29710K, committed 29824K, reserved 1048576K
}
Event: 2964.910 GC heap before
{Heap before GC invocations=85 (full 18):
 PSYoungGen      total 235520K, used 189794K [0x00000000eab00000, 0x00000000ffd00000, 0x0000000100000000)
  eden space 120832K, 99% used [0x00000000eab00000,0x00000000f209c1c0,0x00000000f2100000)
  from space 114688K, 60% used [0x00000000f8d00000,0x00000000fd0bc808,0x00000000ffd00000)
  to   space 110592K, 0% used [0x00000000f2100000,0x00000000f2100000,0x00000000f8d00000)
 ParOldGen       total 261120K, used 242169K [0x00000000c0000000, 0x00000000cff00000, 0x00000000eab00000)
  object space 261120K, 92% used [0x00000000c0000000,0x00000000cec7e688,0x00000000cff00000)
 Metaspace       used 166868K, capacity 182234K, committed 182400K, reserved 1202176K
  class space    used 24275K, capacity 29712K, committed 29824K, reserved 1048576K
Event: 2964.963 GC heap after
Heap after GC invocations=85 (full 18):
 PSYoungGen      total 189952K, used 68815K [0x00000000eab00000, 0x00000000ff500000, 0x0000000100000000)
  eden space 120832K, 0% used [0x00000000eab00000,0x00000000eab00000,0x00000000f2100000)
  from space 69120K, 99% used [0x00000000f2100000,0x00000000f6433fb8,0x00000000f6480000)
  to   space 107008K, 0% used [0x00000000f8c80000,0x00000000f8c80000,0x00000000ff500000)
 ParOldGen       total 261120K, used 242169K [0x00000000c0000000, 0x00000000cff00000, 0x00000000eab00000)
  object space 261120K, 92% used [0x00000000c0000000,0x00000000cec7e688,0x00000000cff00000)
 Metaspace       used 166868K, capacity 182234K, committed 182400K, reserved 1202176K
  class space    used 24275K, capacity 29712K, committed 29824K, reserved 1048576K
}
Event: 2965.618 GC heap before
{Heap before GC invocations=86 (full 18):
 PSYoungGen      total 189952K, used 106339K [0x00000000eab00000, 0x00000000ff500000, 0x0000000100000000)
  eden space 120832K, 31% used [0x00000000eab00000,0x00000000ecfa4fd8,0x00000000f2100000)
  from space 69120K, 99% used [0x00000000f2100000,0x00000000f6433fb8,0x00000000f6480000)
  to   space 107008K, 0% used [0x00000000f8c80000,0x00000000f8c80000,0x00000000ff500000)
 ParOldGen       total 261120K, used 242169K [0x00000000c0000000, 0x00000000cff00000, 0x00000000eab00000)
  object space 261120K, 92% used [0x00000000c0000000,0x00000000cec7e688,0x00000000cff00000)
 Metaspace       used 167912K, capacity 183498K, committed 183680K, reserved 1202176K
  class space    used 24466K, capacity 29969K, committed 30080K, reserved 1048576K
Event: 2965.680 GC heap after
Heap after GC invocations=86 (full 18):
 PSYoungGen      total 224768K, used 62701K [0x00000000eab00000, 0x00000000fef00000, 0x0000000100000000)
  eden space 123904K, 0% used [0x00000000eab00000,0x00000000eab00000,0x00000000f2400000)
  from space 100864K, 62% used [0x00000000f8c80000,0x00000000fc9bb5f0,0x00000000fef00000)
  to   space 103936K, 0% used [0x00000000f2400000,0x00000000f2400000,0x00000000f8980000)
 ParOldGen       total 261120K, used 242177K [0x00000000c0000000, 0x00000000cff00000, 0x00000000eab00000)
  object space 261120K, 92% used [0x00000000c0000000,0x00000000cec80688,0x00000000cff00000)
 Metaspace       used 167912K, capacity 183498K, committed 183680K, reserved 1202176K
  class space    used 24466K, capacity 29969K, committed 30080K, reserved 1048576K
}
Event: 2965.680 GC heap before
{Heap before GC invocations=87 (full 19):
 PSYoungGen      total 224768K, used 62701K [0x00000000eab00000, 0x00000000fef00000, 0x0000000100000000)
  eden space 123904K, 0% used [0x00000000eab00000,0x00000000eab00000,0x00000000f2400000)
  from space 100864K, 62% used [0x00000000f8c80000,0x00000000fc9bb5f0,0x00000000fef00000)
  to   space 103936K, 0% used [0x00000000f2400000,0x00000000f2400000,0x00000000f8980000)
 ParOldGen       total 261120K, used 242177K [0x00000000c0000000, 0x00000000cff00000, 0x00000000eab00000)
  object space 261120K, 92% used [0x00000000c0000000,0x00000000cec80688,0x00000000cff00000)
 Metaspace       used 167912K, capacity 183498K, committed 183680K, reserved 1202176K
  class space    used 24466K, capacity 29969K, committed 30080K, reserved 1048576K
Event: 2966.429 GC heap after
Heap after GC invocations=87 (full 19):
 PSYoungGen      total 224768K, used 0K [0x00000000eab00000, 0x00000000fef00000, 0x0000000100000000)
  eden space 123904K, 0% used [0x00000000eab00000,0x00000000eab00000,0x00000000f2400000)
  from space 100864K, 0% used [0x00000000f8c80000,0x00000000f8c80000,0x00000000fef00000)
  to   space 103936K, 0% used [0x00000000f2400000,0x00000000f2400000,0x00000000f8980000)
 ParOldGen       total 261120K, used 249669K [0x00000000c0000000, 0x00000000cff00000, 0x00000000eab00000)
  object space 261120K, 95% used [0x00000000c0000000,0x00000000cf3d1618,0x00000000cff00000)
 Metaspace       used 165867K, capacity 179352K, committed 183680K, reserved 1202176K
  class space    used 23596K, capacity 28391K, committed 30080K, reserved 1048576K
}
Event: 2971.190 GC heap before
{Heap before GC invocations=88 (full 20):
 PSYoungGen      total 224768K, used 123904K [0x00000000eab00000, 0x00000000fef00000, 0x0000000100000000)
  eden space 123904K, 100% used [0x00000000eab00000,0x00000000f2400000,0x00000000f2400000)
  from space 100864K, 0% used [0x00000000f8c80000,0x00000000f8c80000,0x00000000fef00000)
  to   space 103936K, 0% used [0x00000000f2400000,0x00000000f2400000,0x00000000f8980000)
 ParOldGen       total 261120K, used 249669K [0x00000000c0000000, 0x00000000cff00000, 0x00000000eab00000)
  object space 261120K, 95% used [0x00000000c0000000,0x00000000cf3d1618,0x00000000cff00000)
 Metaspace       used 169646K, capacity 184168K, committed 185984K, reserved 1206272K
  class space    used 24134K, capacity 29224K, committed 30080K, reserved 1048576K
Event: 2971.812 GC heap after
Heap after GC invocations=88 (full 20):
 PSYoungGen      total 224768K, used 0K [0x00000000eab00000, 0x00000000fef00000, 0x0000000100000000)
  eden space 123904K, 0% used [0x00000000eab00000,0x00000000eab00000,0x00000000f2400000)
  from space 100864K, 0% used [0x00000000f8c80000,0x00000000f8c80000,0x00000000fef00000)
  to   space 103936K, 0% used [0x00000000f2400000,0x00000000f2400000,0x00000000f8980000)
 ParOldGen       total 311808K, used 260999K [0x00000000c0000000, 0x00000000d3080000, 0x00000000eab00000)
  object space 311808K, 83% used [0x00000000c0000000,0x00000000cfee1ff0,0x00000000d3080000)
 Metaspace       used 169646K, capacity 184168K, committed 185984K, reserved 1206272K
  class space    used 24134K, capacity 29224K, committed 30080K, reserved 1048576K
}

Deoptimization events (10 events):
Event: 2972.800 Thread 0x00000000181bd000 Uncommon trap: reason=array_check action=maybe_recompile pc=0x000000000531abf0 method=java.util.ComparableTimSort.reverseRange([Ljava/lang/Object;II)V @ 27
Event: 2972.800 Thread 0x00000000181bd000 Uncommon trap: reason=array_check action=maybe_recompile pc=0x000000000531abf0 method=java.util.ComparableTimSort.reverseRange([Ljava/lang/Object;II)V @ 27
Event: 2972.991 Thread 0x00000000181bd000 Uncommon trap: reason=class_check action=maybe_recompile pc=0x0000000004726778 method=org.gradle.api.internal.file.DefaultFileOperations.file(Ljava/lang/Object;)Ljava/io/File; @ 5
Event: 2972.991 Thread 0x00000000181bd000 Uncommon trap: reason=class_check action=maybe_recompile pc=0x0000000004726778 method=org.gradle.api.internal.file.DefaultFileOperations.file(Ljava/lang/Object;)Ljava/io/File; @ 5
Event: 2973.043 Thread 0x00000000174b6000 Uncommon trap: reason=class_check action=maybe_recompile pc=0x0000000004e2638c method=org.codehaus.groovy.util.AbstractConcurrentMap$Segment.put(Ljava/lang/Object;ILjava/lang/Object;)Lorg/codehaus/groovy/util/AbstractConcurrentMap$Entry; @ 83
Event: 2973.045 Thread 0x00000000174b4800 Uncommon trap: reason=unreached action=reinterpret pc=0x00000000045601c8 method=org.codehaus.groovy.util.LazyReference.getLocked(Z)Ljava/lang/Object; @ 17
Event: 2973.045 Thread 0x00000000174b5000 Uncommon trap: reason=unreached action=reinterpret pc=0x00000000045601c8 method=org.codehaus.groovy.util.LazyReference.getLocked(Z)Ljava/lang/Object; @ 17
Event: 2973.045 Thread 0x00000000174b7800 Uncommon trap: reason=unreached action=reinterpret pc=0x00000000045601c8 method=org.codehaus.groovy.util.LazyReference.getLocked(Z)Ljava/lang/Object; @ 17
Event: 2973.094 Thread 0x00000000181bd000 Uncommon trap: reason=unreached action=reinterpret pc=0x0000000004feefd4 method=org.gradle.execution.taskgraph.TaskInfo.isComplete()Z @ 17
Event: 2973.107 Thread 0x00000000181bd000 Uncommon trap: reason=class_check action=maybe_recompile pc=0x00000000037e53d8 method=org.codehaus.groovy.reflection.CachedMethod.invoke(Ljava/lang/Object;[Ljava/lang/Object;)Ljava/lang/Object; @ 39

Internal exceptions (10 events):
Event: 2973.104 Thread 0x00000000181bd000 Exception <a 'java/security/PrivilegedActionException'> (0x00000000f1f29598) thrown at [C:\re\workspace\8-2-build-windows-amd64-cygwin\jdk8u11\648\hotspot\src\share\vm\prims\jvm.cpp, line 1248]
Event: 2973.104 Thread 0x00000000181bd000 Exception <a 'java/security/PrivilegedActionException'> (0x00000000f1f2f400) thrown at [C:\re\workspace\8-2-build-windows-amd64-cygwin\jdk8u11\648\hotspot\src\share\vm\prims\jvm.cpp, line 1248]
Event: 2973.104 Thread 0x00000000181bd000 Exception <a 'java/lang/ClassNotFoundException': com/android/ide/common/internal/ExecutorSingletonBeanInfo> (0x00000000f1f2f978) thrown at [C:\re\workspace\8-2-build-windows-amd64-cygwin\jdk8u11\648\hotspot\src\share\vm\classfile\systemDictionary.cpp, lineHµ*5:§@
Event: 2973.104 Thread 0x00000000181bd000 Exception <a 'java/security/PrivilegedActionException'> (0x00000000f1f34790) thrown at [C:\re\workspace\8-2-build-windows-amd64-cygwin\jdk8u11\648\hotspot\src\share\vm\prims\jvm.cpp, line 1248]
Event: 2973.104 Thread 0x00000000181bd000 Exception <a 'java/security/PrivilegedActionException'> (0x00000000f1f357b0) thrown at [C:\re\workspace\8-2-build-windows-amd64-cygwin\jdk8u11\648\hotspot\src\share\vm\prims\jvm.cpp, line 1248]
Event: 2973.104 Thread 0x00000000181bd000 Exception <a 'java/security/PrivilegedActionException'> (0x00000000f1f36658) thrown at [C:\re\workspace\8-2-build-windows-amd64-cygwin\jdk8u11\648\hotspot\src\share\vm\prims\jvm.cpp, line 1248]
Event: 2973.104 Thread 0x00000000181bd000 Exception <a 'java/security/PrivilegedActionException'> (0x00000000f1f3c960) thrown at [C:\re\workspace\8-2-build-windows-amd64-cygwin\jdk8u11\648\hotspot\src\share\vm\prims\jvm.cpp, line 1248]
Event: 2973.104 Thread 0x00000000181bd000 Exception <a 'java/lang/ClassNotFoundException': com/android/ide/common/internal/ExecutorSingletonCustomizer> (0x00000000f1f3ced8) thrown at [C:\re\workspace\8-2-build-windows-amd64-cygwin\jdk8u11\648\hotspot\src\share\vm\classfile\systemDictionary.cpp, lirë#Þ6:§@
Event: 2973.107 Thread 0x00000000181bd000 Exception <a 'java/lang/NullPointerException'> (0x00000000f1f62c68) thrown at [C:\re\workspace\8-2-build-windows-amd64-cygwin\jdk8u11\648\hotspot\src\share\vm\interpreter\linkResolver.cpp, line 1271]
Event: 2973.107 Thread 0x00000000181bd000 Exception <a 'java/lang/reflect/InvocationTargetException'> (0x00000000f1f62fa8) thrown at [C:\re\workspace\8-2-build-windows-amd64-cygwin\jdk8u11\648\hotspot\src\share\vm\runtime\reflection.cpp, line 1079]

Events (10 events):
Event: 2973.104 loading class com/android/ide/common/internal/ExecutorSingletonCustomizer done
Event: 2973.104 loading class com/android/ide/common/internal/ExecutorSingletonCustomizer
Event: 2973.104 loading class com/android/ide/common/internal/ExecutorSingletonCustomizer done
Event: 2973.107 Thread 0x00000000181bd000 Uncommon trap: trap_request=0xffffffde fr.pc=0x00000000037e53d8
Event: 2973.107 Thread 0x00000000181bd000 DEOPT PACKING pc=0x00000000037e53d8 sp=0x00000000192adf70
Event: 2973.107 Thread 0x00000000181bd000 DEOPT UNPACKING pc=0x00000000028555af sp=0x00000000192ade00 mode 2
Event: 2973.109 Executing VM operation: RevokeBias
Event: 2973.110 Executing VM operation: RevokeBias done
Event: 2973.110 Thread 0x00000000174b4800 Thread exited: 0x00000000174b4800
Event: 2973.115 Executing VM operation: RevokeBias


Dynamic libraries:
0x000000013fa90000 - 0x000000013fac4000 	C:\Java\jdk1.8.0_11\bin\java.exe
0x0000000076f80000 - 0x0000000077129000 	C:\Windows\SYSTEM32\ntdll.dll
0x0000000076d60000 - 0x0000000076e7f000 	C:\Windows\system32\kernel32.dll
0x000007fefd230000 - 0x000007fefd29b000 	C:\Windows\system32\KERNELBASE.dll
0x00000000700a0000 - 0x0000000070151000 	C:\Program Files\Bitdefender\Antivirus Free Edition\avc3\avc3_sig_359\avcuf64.dll
0x000007fefd3f0000 - 0x000007fefd4cb000 	C:\Windows\system32\ADVAPI32.dll
0x000007fefd350000 - 0x000007fefd3ef000 	C:\Windows\system32\msvcrt.dll
0x000007fefe260000 - 0x000007fefe27f000 	C:\Windows\SYSTEM32\sechost.dll
0x000007fefe050000 - 0x000007fefe17d000 	C:\Windows\system32\RPCRT4.dll
0x0000000076e80000 - 0x0000000076f7a000 	C:\Windows\system32\USER32.dll
0x000007fefdfe0000 - 0x000007fefe047000 	C:\Windows\system32\GDI32.dll
0x000007fefddd0000 - 0x000007fefddde000 	C:\Windows\system32\LPK.dll
0x000007fefd8e0000 - 0x000007fefd9a9000 	C:\Windows\system32\USP10.dll
0x000007fefbc70000 - 0x000007fefbe64000 	C:\Windows\WinSxS\amd64_microsoft.windows.common-controls_6595b64144ccf1df_6.0.7601.17514_none_fa396087175ac9ac\COMCTL32.dll
0x000007fefdf60000 - 0x000007fefdfd1000 	C:\Windows\system32\SHLWAPI.dll
0x000007fefdc90000 - 0x000007fefdcbe000 	C:\Windows\system32\IMM32.DLL
0x000007fefdcc0000 - 0x000007fefddc9000 	C:\Windows\system32\MSCTF.dll
0x0000000056220000 - 0x00000000562f2000 	C:\Java\jdk1.8.0_11\jre\bin\msvcr100.dll
0x0000000056d70000 - 0x000000005759a000 	C:\Java\jdk1.8.0_11\jre\bin\server\jvm.dll
0x000007fee8230000 - 0x000007fee8239000 	C:\Windows\system32\WSOCK32.dll
0x000007fefe4b0000 - 0x000007fefe4fd000 	C:\Windows\system32\WS2_32.dll
0x000007fefd2a0000 - 0x000007fefd2a8000 	C:\Windows\system32\NSI.dll
0x000007fefab00000 - 0x000007fefab3b000 	C:\Windows\system32\WINMM.dll
0x0000000077140000 - 0x0000000077147000 	C:\Windows\system32\PSAPI.DLL
0x0000000070090000 - 0x000000007009f000 	C:\Java\jdk1.8.0_11\jre\bin\verify.dll
0x0000000070060000 - 0x0000000070088000 	C:\Java\jdk1.8.0_11\jre\bin\java.dll
0x0000000070040000 - 0x0000000070056000 	C:\Java\jdk1.8.0_11\jre\bin\zip.dll
0x000007fefe500000 - 0x000007feff288000 	C:\Windows\system32\SHELL32.dll
0x000007fefd6b0000 - 0x000007fefd8b3000 	C:\Windows\system32\ole32.dll
0x000007fefced0000 - 0x000007fefcedf000 	C:\Windows\system32\profapi.dll
0x000007fefc8c0000 - 0x000007fefc8d7000 	C:\Windows\system32\CRYPTSP.dll
0x000007fefc430000 - 0x000007fefc477000 	C:\Windows\system32\rsaenh.dll
0x000007fefc270000 - 0x000007fefc28e000 	C:\Windows\system32\USERENV.dll
0x000007fefcdc0000 - 0x000007fefcdcf000 	C:\Windows\system32\CRYPTBASE.dll
0x0000000070020000 - 0x000000007003a000 	C:\Java\jdk1.8.0_11\jre\bin\net.dll
0x000007fefc6a0000 - 0x000007fefc6f5000 	C:\Windows\system32\mswsock.dll
0x000007fefc8f0000 - 0x000007fefc8f7000 	C:\Windows\System32\wship6.dll
0x000007fefbc10000 - 0x000007fefbc37000 	C:\Windows\system32\IPHLPAPI.DLL
0x000007fefc240000 - 0x000007fefc24b000 	C:\Windows\system32\WINNSI.DLL
0x000007fefa0c0000 - 0x000007fefa0d1000 	C:\Windows\system32\dhcpcsvc6.DLL
0x000007fefa030000 - 0x000007fefa048000 	C:\Windows\system32\dhcpcsvc.DLL
0x0000000070000000 - 0x0000000070011000 	C:\Java\jdk1.8.0_11\jre\bin\nio.dll
0x000007fef6570000 - 0x000007fef6582000 	C:\Users\Administrator\AppData\Local\Temp\native-platform7173456438876220822dir\native-platform.dll
0x000007fefcd60000 - 0x000007fefcdb7000 	C:\Windows\system32\apphelp.dll
0x000007fefc050000 - 0x000007fefc175000 	C:\Windows\system32\dbghelp.dll

VM Arguments:
jvm_args: -XX:MaxPermSize=256m -XX:+HeapDumpOnOutOfMemoryError -Xmx1024m -Dfile.encoding=x-windows-950 -Duser.country=TW -Duser.language=zh -Duser.variant 
java_command: org.gradle.launcher.daemon.bootstrap.GradleDaemon 2.2.1 C:\Users\Administrator\.gradle\daemon 10800000 a35743b6-8f18-4c43-97d2-8ff7e67c562e -XX:MaxPermSize=256m -XX:+HeapDumpOnOutOfMemoryError -Xmx1024m -Dfile.encoding=x-windows-950 -Duser.country=TW -Duser.language=zh -Duser.variant
java_class_path (initial): C:\Users\Administrator\.gradle\wrapper\dists\gradle-2.2.1-all\c64ydeuardnfqctvr1gm30w53\gradle-2.2.1\lib\gradle-launcher-2.2.1.jar
Launcher Type: SUN_STANDARD

Environment Variables:
JAVA_HOME=C:\Java\jdk1.8.0_11
PATH=C:\Program Files (x86)\Intel\iCLS Client\;C:\Program Files\Intel\iCLS Client\;C:\Windows\system32;C:\Windows;C:\Windows\System32\Wbem;C:\Windows\System32\WindowsPowerShell\v1.0\;I:\intergrate tools\Windows7 Master1.70\win7ok;C:\Program Files\Intel\Intel(R) Management Engine Components\DAL;C:\Program Files\Intel\Intel(R) Management Engine Components\IPT;C:\Program Files (x86)\Intel\Intel(R) Management Engine Components\DAL;C:\Program Files (x86)\Intel\Intel(R) Management Engine Components\IPT;C:\Java\jdk1.8.0_11\bin;C:\Python34;C:\Program Files (x86)\Git\cmd;C:\Python34;C:\Java\jdk1.8.0_11\bin;C:\MinGW\bin;C:\Program Files (x86)\GnuWin32\bin;C:\Program Files (x86)\NVIDIA Corporation\PhysX\Common;C:\Program Files\MATLAB\R2015a\runtime\win64;C:\Program Files\MATLAB\R2015a\bin;C:\Program Files\Bandizip\7z;C:\Java\jdk1.8.0_11\bin;C:\Users\Administrator\AppData\Local\Android\android-sdk\platform-tools
USERNAME=Janet
OS=Windows_NT
PROCESSOR_IDENTIFIER=Intel64 Family 6 Model 60 Stepping 3, GenuineIntel



---------------  S Y S T E M  ---------------

OS: Windows 7 , 64 bit Build 7601 Service Pack 1

CPU:total 4 (2 cores per cpu, 2 threads per core) family 6 model 60 stepping 3, cmov, cx8, fxsr, mmx, sse, sse2, sse3, ssse3, sse4.1, sse4.2, popcnt, avx, avx2, aes, clmul, erms, ht, tsc, tscinvbit

Memory: 4k page, physical 8269272k(663600k free), swap 8267428k(6780k free)

vm_info: Java HotSpot(TM) 64-Bit Server VM (25.11-b03) for windows-amd64 JRE (1.8.0_11-b12), built on Jun 16 2014 20:57:32 by "java_re" with MS VC++ 10.0 (VS2010)

time: Wed May 25 23:04:55 2016
elapsed time: 2973 seconds

