#
# There is insufficient memory for the Java Runtime Environment to continue.
# Native memory allocation (malloc) failed to allocate 32744 bytes for ChunkPool::allocate
# Possible reasons:
#   The system is out of physical RAM or swap space
#   In 32 bit mode, the process size limit was hit
# Possible solutions:
#   Reduce memory load on the system
#   Increase physical memory or swap space
#   Check if swap backing store is full
#   Use 64 bit Java on a 64 bit OS
#   Decrease Java heap size (-Xmx/-Xms)
#   Decrease number of Java threads
#   Decrease Java thread stack sizes (-Xss)
#   Set larger code cache with -XX:ReservedCodeCacheSize=
# This output file may be truncated or incomplete.
#
#  Out of Memory Error (allocation.cpp:271), pid=7076, tid=6016
#
# JRE version: Java(TM) SE Runtime Environment (8.0_11-b12) (build 1.8.0_11-b12)
# Java VM: Java HotSpot(TM) 64-Bit Server VM (25.11-b03 mixed mode windows-amd64 compressed oops)
# Failed to write core dump. Minidumps are not enabled by default on client versions of Windows
#

---------------  T H R E A D  ---------------

Current thread (0x000000001759d800):  JavaThread "C2 CompilerThread1" daemon [_thread_in_vm, id=6016, stack(0x0000000019370000,0x0000000019470000)]

Stack: [0x0000000019370000,0x0000000019470000]
Native frames: (J=compiled Java code, j=interpreted, Vv=VM code, C=native code)
V  [jvm.dll+0x308eca]


---------------  P R O C E S S  ---------------

Java Threads: ( => current thread )
  0x000000001759e800 JavaThread "C1 CompilerThread2" daemon [_thread_blocked, id=5928, stack(0x0000000018660000,0x0000000018760000)]
=>0x000000001759d800 JavaThread "C2 CompilerThread1" daemon [_thread_in_vm, id=6016, stack(0x0000000019370000,0x0000000019470000)]
  0x000000001759b000 JavaThread "C2 CompilerThread0" daemon [_thread_blocked, id=6668, stack(0x0000000018ec0000,0x0000000018fc0000)]
  0x0000000018a3e800 JavaThread "Attach Listener" daemon [_thread_blocked, id=7440, stack(0x00000000190e0000,0x00000000191e0000)]
  0x0000000018a4b000 JavaThread "Signal Dispatcher" daemon [_thread_blocked, id=2704, stack(0x0000000018fc0000,0x00000000190c0000)]
  0x0000000017534000 JavaThread "Finalizer" daemon [_thread_blocked, id=7980, stack(0x0000000018930000,0x0000000018a30000)]
  0x0000000017529000 JavaThread "Reference Handler" daemon [_thread_blocked, id=5304, stack(0x0000000018780000,0x0000000018880000)]
  0x0000000001e6e000 JavaThread "main" [_thread_in_native, id=6768, stack(0x0000000002860000,0x0000000002960000)]

Other Threads:
  0x0000000017525000 VMThread [stack: 0x0000000018550000,0x0000000018650000] [id=6736]

VM state:not at safepoint (normal execution)

VM Mutex/Monitor currently owned by a thread: None

Heap:
 PSYoungGen      total 1024K, used 634K [0x00000000d5f00000, 0x00000000d6100000, 0x0000000100000000)
  eden space 512K, 24% used [0x00000000d5f00000,0x00000000d5f1f4e0,0x00000000d5f80000)
  from space 512K, 99% used [0x00000000d5f80000,0x00000000d5fff610,0x00000000d6000000)
  to   space 512K, 0% used [0x00000000d6080000,0x00000000d6080000,0x00000000d6100000)
 ParOldGen       total 129536K, used 0K [0x0000000081c00000, 0x0000000089a80000, 0x00000000d5f00000)
  object space 129536K, 0% used [0x0000000081c00000,0x0000000081c00000,0x0000000089a80000)
 Metaspace       used 2185K, capacity 4480K, committed 4480K, reserved 1056768K
  class space    used 237K, capacity 384K, committed 384K, reserved 1048576K

Card table byte_map: [0x0000000011d20000,0x0000000012120000] byte_map_base: 0x0000000011912000

Marking Bits: (ParMarkBitMap*) 0x0000000051a412b0
 Begin Bits: [0x0000000012880000, 0x0000000014810000)
 End Bits:   [0x0000000014810000, 0x00000000167a0000)

Polling page: 0x00000000005e0000

CodeCache: size=245760Kb used=1022Kb max_used=1022Kb free=244738Kb
 bounds [0x0000000002960000, 0x0000000002bd0000, 0x0000000011960000]
 total_blobs=207 nmethods=0 adapters=133
 compilation: enabled

Compilation events (0 events):
No events

GC Heap History (2 events):
Event: 0.078 GC heap before
{Heap before GC invocations=1 (full 0):
 PSYoungGen      total 1024K, used 512K [0x00000000d5f00000, 0x00000000d6080000, 0x0000000100000000)
  eden space 512K, 100% used [0x00000000d5f00000,0x00000000d5f80000,0x00000000d5f80000)
  from space 512K, 0% used [0x00000000d6000000,0x00000000d6000000,0x00000000d6080000)
  to   space 512K, 0% used [0x00000000d5f80000,0x00000000d5f80000,0x00000000d6000000)
 ParOldGen       total 129536K, used 0K [0x0000000081c00000, 0x0000000089a80000, 0x00000000d5f00000)
  object space 129536K, 0% used [0x0000000081c00000,0x0000000081c00000,0x0000000089a80000)
 Metaspace       used 1835K, capacity 4480K, committed 4480K, reserved 1056768K
  class space    used 204K, capacity 384K, committed 384K, reserved 1048576K
Event: 0.087 GC heap after
Heap after GC invocations=1 (full 0):
 PSYoungGen      total 1024K, used 509K [0x00000000d5f00000, 0x00000000d6100000, 0x0000000100000000)
  eden space 512K, 0% used [0x00000000d5f00000,0x00000000d5f00000,0x00000000d5f80000)
  from space 512K, 99% used [0x00000000d5f80000,0x00000000d5fff610,0x00000000d6000000)
  to   space 512K, 0% used [0x00000000d6080000,0x00000000d6080000,0x00000000d6100000)
 ParOldGen       total 129536K, used 0K [0x0000000081c00000, 0x0000000089a80000, 0x00000000d5f00000)
  object space 129536K, 0% used [0x0000000081c00000,0x0000000081c00000,0x0000000089a80000)
 Metaspace       used 1835K, capacity 4480K, committed 4480K, reserved 1056768K
  class space    used 204K, capacity 384K, committed 384K, reserved 1048576K
}

Deoptimization events (0 events):
No events

Internal exceptions (2 events):
Event: 0.036 Thread 0x0000000001e6e000 Exception <a 'java/lang/NoSuchMethodError': Method sun.misc.Unsafe.defineClass(Ljava/lang/String;[BII)Ljava/lang/Class; name or signature does not match> (0x00000000d5f14ba8) thrown at [C:\re\workspace\8-2-build-windows-amd64-cygwin\jdk8u11\648\hotspot\src<`Êt^X¢?
Event: 0.036 Thread 0x0000000001e6e000 Exception <a 'java/lang/NoSuchMethodError': Method sun.misc.Unsafe.prefetchRead(Ljava/lang/Object;J)V name or signature does not match> (0x00000000d5f14e38) thrown at [C:\re\workspace\8-2-build-windows-amd64-cygwin\jdk8u11\648\hotspot\src\share\vm\prims\jn

Events (10 events):
Event: 0.102 Thread 0x000000001759b000 Thread added: 0x000000001759b000
Event: 0.102 Thread 0x000000001759d800 Thread added: 0x000000001759d800
Event: 0.102 Thread 0x000000001759e800 Thread added: 0x000000001759e800
Event: 0.102 loading class java/lang/invoke/MethodHandleImpl
Event: 0.103 loading class java/lang/invoke/MethodHandleImpl done
Event: 0.103 loading class java/lang/invoke/MemberName$Factory
Event: 0.103 loading class java/lang/invoke/MemberName$Factory done
Event: 0.103 loading class java/lang/invoke/LambdaForm$NamedFunction
Event: 0.103 loading class java/lang/invoke/LambdaForm$NamedFunction done
Event: 0.104 loading class java/lang/invoke/MethodType$ConcurrentWeakInternSet


Dynamic libraries:
0x000000013fe20000 - 0x000000013fe54000 	C:\Java\jdk1.8.0_11\bin\java.exe
0x0000000077ad0000 - 0x0000000077c79000 	C:\Windows\SYSTEM32\ntdll.dll
0x00000000778b0000 - 0x00000000779cf000 	C:\Windows\system32\kernel32.dll
0x000007fefdcc0000 - 0x000007fefdd2b000 	C:\Windows\system32\KERNELBASE.dll
0x0000000073010000 - 0x00000000730c1000 	C:\Program Files\Bitdefender\Antivirus Free Edition\avc3\avc3_sig_358\avcuf64.dll
0x000007feff3b0000 - 0x000007feff48b000 	C:\Windows\system32\ADVAPI32.dll
0x000007feff280000 - 0x000007feff31f000 	C:\Windows\system32\msvcrt.dll
0x000007fefdf40000 - 0x000007fefdf5f000 	C:\Windows\SYSTEM32\sechost.dll
0x000007fefde10000 - 0x000007fefdf3d000 	C:\Windows\system32\RPCRT4.dll
0x00000000779d0000 - 0x0000000077aca000 	C:\Windows\system32\USER32.dll
0x000007feffb00000 - 0x000007feffb67000 	C:\Windows\system32\GDI32.dll
0x000007feffb70000 - 0x000007feffb7e000 	C:\Windows\system32\LPK.dll
0x000007feff080000 - 0x000007feff149000 	C:\Windows\system32\USP10.dll
0x000007fefc7d0000 - 0x000007fefc9c4000 	C:\Windows\WinSxS\amd64_microsoft.windows.common-controls_6595b64144ccf1df_6.0.7601.17514_none_fa396087175ac9ac\COMCTL32.dll
0x000007feff330000 - 0x000007feff3a1000 	C:\Windows\system32\SHLWAPI.dll
0x000007feff490000 - 0x000007feff4be000 	C:\Windows\system32\IMM32.DLL
0x000007fefe1e0000 - 0x000007fefe2e9000 	C:\Windows\system32\MSCTF.dll
0x00000000655c0000 - 0x0000000065692000 	C:\Java\jdk1.8.0_11\jre\bin\msvcr100.dll
0x0000000051290000 - 0x0000000051aba000 	C:\Java\jdk1.8.0_11\jre\bin\server\jvm.dll
0x000007fee8fa0000 - 0x000007fee8fa9000 	C:\Windows\system32\WSOCK32.dll
0x000007feff4c0000 - 0x000007feff50d000 	C:\Windows\system32\WS2_32.dll
0x000007feff320000 - 0x000007feff328000 	C:\Windows\system32\NSI.dll
0x000007fefb640000 - 0x000007fefb67b000 	C:\Windows\system32\WINMM.dll
0x0000000077ca0000 - 0x0000000077ca7000 	C:\Windows\system32\PSAPI.DLL
0x000000006ff40000 - 0x000000006ff4f000 	C:\Java\jdk1.8.0_11\jre\bin\verify.dll
0x000000006fd80000 - 0x000000006fda8000 	C:\Java\jdk1.8.0_11\jre\bin\java.dll
0x000000006fe40000 - 0x000000006fe56000 	C:\Java\jdk1.8.0_11\jre\bin\zip.dll
0x000007fefe2f0000 - 0x000007feff078000 	C:\Windows\system32\SHELL32.dll
0x000007feff870000 - 0x000007feffa73000 	C:\Windows\system32\ole32.dll
0x000007fefda20000 - 0x000007fefda2f000 	C:\Windows\system32\profapi.dll

VM Arguments:
java_command: <unknown>
java_class_path (initial): .
Launcher Type: SUN_STANDARD

Environment Variables:
JAVA_HOME=C:\Java\jdk1.8.0_11
PATH=C:\Program Files (x86)\Intel\iCLS Client\;C:\Program Files\Intel\iCLS Client\;C:\Windows\system32;C:\Windows;C:\Windows\System32\Wbem;C:\Windows\System32\WindowsPowerShell\v1.0\;I:\intergrate tools\Windows7 Master1.70\win7ok;C:\Program Files\Intel\Intel(R) Management Engine Components\DAL;C:\Program Files\Intel\Intel(R) Management Engine Components\IPT;C:\Program Files (x86)\Intel\Intel(R) Management Engine Components\DAL;C:\Program Files (x86)\Intel\Intel(R) Management Engine Components\IPT;C:\Java\jdk1.8.0_11\bin;C:\Python34;C:\Program Files (x86)\Git\cmd;C:\Python34;C:\Java\jdk1.8.0_11\bin;C:\MinGW\bin;C:\Program Files (x86)\GnuWin32\bin;C:\Program Files (x86)\NVIDIA Corporation\PhysX\Common;C:\Program Files\MATLAB\R2015a\runtime\win64;C:\Program Files\MATLAB\R2015a\bin;C:\Program Files\Bandizip\7z;C:\Java\jdk1.8.0_11\bin;C:\Users\Administrator\AppData\Local\Android\android-sdk\platform-tools
USERNAME=Janet
OS=Windows_NT
PROCESSOR_IDENTIFIER=Intel64 Family 6 Model 60 Stepping 3, GenuineIntel



---------------  S Y S T E M  ---------------

OS: Windows 7 , 64 bit Build 7601 Service Pack 1

CPU:total 4 (2 cores per cpu, 2 threads per core) family 6 model 60 stepping 3, cmov, cx8, fxsr, mmx, sse, sse2, sse3, ssse3, sse4.1, sse4.2, popcnt, avx, avx2, aes, clmul, erms, ht, tsc, tscinvbit

Memory: 4k page, physical 8269272k(597456k free), swap 8267428k(17180k free)

vm_info: Java HotSpot(TM) 64-Bit Server VM (25.11-b03) for windows-amd64 JRE (1.8.0_11-b12), built on Jun 16 2014 20:57:32 by "java_re" with MS VC++ 10.0 (VS2010)

time: Sun May 22 16:12:06 2016
elapsed time: 0 seconds

